2026-04-07 19:55:04 | INFO | P5 | === RUN START ===
2026-04-07 19:55:04 | INFO | P5 | project=CINTEL
2026-04-07 19:55:04 | INFO | P5 | repo_dir=cintel-05-drift-detection
2026-04-07 19:55:04 | INFO | P5 | python=3.14.3
2026-04-07 19:55:04 | INFO | P5 | os=Windows 11
2026-04-07 19:55:04 | INFO | P5 | shell=powershell
2026-04-07 19:55:04 | INFO | P5 | cwd=.
2026-04-07 19:55:04 | INFO | P5 | github_actions=False
2026-04-07 19:55:04 | INFO | P5 | ========================
2026-04-07 19:55:04 | INFO | P5 | START main()
2026-04-07 19:55:04 | INFO | P5 | ========================
2026-04-07 19:55:04 | INFO | P5 | ROOT_DIR = .
2026-04-07 19:55:04 | INFO | P5 | REFERENCE_FILE = data\reference_metrics_case.csv
2026-04-07 19:55:04 | INFO | P5 | CURRENT_FILE = data\current_metrics_case.csv
2026-04-07 19:55:04 | INFO | P5 | OUTPUT_FILE = artifacts\drift_summary_case.csv
2026-04-07 19:55:04 | INFO | P5 | ARTIFACTS_DIR = artifacts
2026-04-07 19:55:04 | INFO | P5 | Loaded 10 reference records
2026-04-07 19:55:04 | INFO | P5 | Loaded 10 current records
2026-04-07 19:55:04 | INFO | P5 | Calculated summary differences and drift flags
2026-04-07 19:55:04 | INFO | P5 | Wrote drift summary file: C:\Repos\cintel-05-drift-detection\artifacts\drift_summary_case.csv
2026-04-07 19:55:04 | INFO | P5 | Drift summary dataframe:
2026-04-07 19:55:04 | INFO | P5 | shape: (1, 12)
вФМвФАвФАвФАвФАвФАвФАвФАвФАвФАвФђвФАвФАвФАвФАвФАвФАвФАвФАвФАвФђвФАвФАвФАвФАвФАвФАвФАвФАвФАвФђвФАвФАвФАвФАвФАвФАвФАвФАвФАвФђвФАвФАвФАвФђвФАвФАвФАвФАвФАвФАвФАвФАвФАвФђвФАвФАвФАвФАвФАвФАвФАвФАвФђвФАвФАвФАвФАвФАвФАвФАвФАвФђвФАвФАвФАвФАвФАвФАвФАвФАвФР
вФВ referen вФЖ referen вФЖ referen вФЖ current вФЖ вА¶ вФЖ latency вФЖ reques вФЖ errors вФЖ latenc вФВ
вФВ ce_avg_ вФЖ ce_avg_ вФЖ ce_avg_ вФЖ _avg_re вФЖ   вФЖ _mean_d вФЖ ts_is_ вФЖ _is_dr вФЖ y_is_d вФВ
вФВ request вФЖ errors  вФЖ latency вФЖ quests  вФЖ   вФЖ ifferen вФЖ drifti вФЖ ifting вФЖ riftin вФВ
вФВ s       вФЖ ---     вФЖ _ms     вФЖ ---     вФЖ   вФЖ ce_ms   вФЖ ng_fla вФЖ _flag  вФЖ g_flag вФВ
вФВ ---     вФЖ f64     вФЖ ---     вФЖ f64     вФЖ   вФЖ ---     вФЖ g      вФЖ ---    вФЖ ---    вФВ
вФВ f64     вФЖ         вФЖ f64     вФЖ         вФЖ   вФЖ f64     вФЖ ---    вФЖ bool   вФЖ bool   вФВ
вФВ         вФЖ         вФЖ         вФЖ         вФЖ   вФЖ         вФЖ bool   вФЖ        вФЖ        вФВ
вХЮвХРвХРвХРвХРвХРвХРвХРвХРвХРвХ™вХРвХРвХРвХРвХРвХРвХРвХРвХРвХ™вХРвХРвХРвХРвХРвХРвХРвХРвХРвХ™вХРвХРвХРвХРвХРвХРвХРвХРвХРвХ™вХРвХРвХРвХ™вХРвХРвХРвХРвХРвХРвХРвХРвХРвХ™вХРвХРвХРвХРвХРвХРвХРвХРвХ™вХРвХРвХРвХРвХРвХРвХРвХРвХ™вХРвХРвХРвХРвХРвХРвХРвХРвХ°
вФВ 128.3   вФЖ 2.3     вФЖ 3835.0  вФЖ 164.5   вФЖ вА¶ вФЖ 1835.0  вФЖ true   вФЖ true   вФЖ true   вФВ
вФФвФАвФАвФАвФАвФАвФАвФАвФАвФАвФівФАвФАвФАвФАвФАвФАвФАвФАвФАвФівФАвФАвФАвФАвФАвФАвФАвФАвФАвФівФАвФАвФАвФАвФАвФАвФАвФАвФАвФівФАвФАвФАвФівФАвФАвФАвФАвФАвФАвФАвФАвФАвФівФАвФАвФАвФАвФАвФАвФАвФАвФівФАвФАвФАвФАвФАвФАвФАвФАвФівФАвФАвФАвФАвФАвФАвФАвФАвФШ
2026-04-07 19:55:04 | INFO | P5 | Let's make that a bit nicer to read...
2026-04-07 19:55:04 | INFO | P5 | All remaining steps are about creating a nicer display.
2026-04-07 19:55:04 | INFO | P5 | ========================
2026-04-07 19:55:04 | INFO | P5 | Drift Detection Process:
2026-04-07 19:55:04 | INFO | P5 | ========================
2026-04-07 19:55:04 | INFO | P5 | 1. Summarize each period with means.
2026-04-07 19:55:04 | INFO | P5 | 2. Compute difference of means.
2026-04-07 19:55:04 | INFO | P5 | 3. Flag drift if absolute difference of means exceeds a threshold.
2026-04-07 19:55:04 | INFO | P5 | ========================
2026-04-07 19:55:04 | INFO | P5 | Drift summary (one field per line):
2026-04-07 19:55:04 | INFO | P5 | reference_avg_requests: 128.3
2026-04-07 19:55:04 | INFO | P5 | reference_avg_errors: 2.3
2026-04-07 19:55:04 | INFO | P5 | reference_avg_latency_ms: 3835.0
2026-04-07 19:55:04 | INFO | P5 | current_avg_requests: 164.5
2026-04-07 19:55:04 | INFO | P5 | current_avg_errors: 6.3
2026-04-07 19:55:04 | INFO | P5 | current_avg_latency_ms: 5670.0
2026-04-07 19:55:04 | INFO | P5 | requests_mean_difference: 36.2
2026-04-07 19:55:04 | INFO | P5 | errors_mean_difference: 4.0
2026-04-07 19:55:04 | INFO | P5 | latency_mean_difference_ms: 1835.0
2026-04-07 19:55:04 | INFO | P5 | requests_is_drifting_flag: True
2026-04-07 19:55:04 | INFO | P5 | errors_is_drifting_flag: True
2026-04-07 19:55:04 | INFO | P5 | latency_is_drifting_flag: True
2026-04-07 19:55:04 | INFO | P5 | Wrote long summary file: C:\Repos\cintel-05-drift-detection\artifacts\drift_summary_long_case.csv
2026-04-07 19:55:04 | INFO | P5 | ========================
2026-04-07 19:55:04 | INFO | P5 | Pipeline executed successfully!
2026-04-07 19:55:04 | INFO | P5 | ========================
2026-04-07 19:55:04 | INFO | P5 | END main()
2026-04-09 16:39:10 | INFO | P5 | === RUN START ===
2026-04-09 16:39:10 | INFO | P5 | project=CINTEL
2026-04-09 16:39:10 | INFO | P5 | repo_dir=cintel-05-drift-detection
2026-04-09 16:39:10 | INFO | P5 | python=3.14.3
2026-04-09 16:39:10 | INFO | P5 | os=Windows 11
2026-04-09 16:39:10 | INFO | P5 | shell=powershell
2026-04-09 16:39:10 | INFO | P5 | cwd=.
2026-04-09 16:39:10 | INFO | P5 | github_actions=False
2026-04-09 16:39:10 | INFO | P5 | ========================
2026-04-09 16:39:10 | INFO | P5 | START main()
2026-04-09 16:39:10 | INFO | P5 | ========================
2026-04-09 16:39:10 | INFO | P5 | ROOT_DIR = .
2026-04-09 16:39:10 | INFO | P5 | REFERENCE_FILE = data\reference_metrics_case.csv
2026-04-09 16:39:10 | INFO | P5 | CURRENT_FILE = data\current_metrics_case.csv
2026-04-09 16:39:10 | INFO | P5 | OUTPUT_FILE = artifacts\drift_summary_case.csv
2026-04-09 16:39:10 | INFO | P5 | ARTIFACTS_DIR = artifacts
2026-04-09 16:39:10 | INFO | P5 | Loaded 10 reference records
2026-04-09 16:39:10 | INFO | P5 | Loaded 10 current records
2026-04-09 16:39:10 | INFO | P5 | Calculated summary differences and drift flags
2026-04-09 16:39:10 | INFO | P5 | Wrote drift summary file: C:\Repos\cintel-05-drift-detection\artifacts\drift_summary_case.csv
2026-04-09 16:39:10 | INFO | P5 | Drift summary dataframe:
2026-04-09 16:39:10 | INFO | P5 | shape: (1, 12)
вФМвФАвФАвФАвФАвФАвФАвФАвФАвФАвФђвФАвФАвФАвФАвФАвФАвФАвФАвФАвФђвФАвФАвФАвФАвФАвФАвФАвФАвФАвФђвФАвФАвФАвФАвФАвФАвФАвФАвФАвФђвФАвФАвФАвФђвФАвФАвФАвФАвФАвФАвФАвФАвФАвФђвФАвФАвФАвФАвФАвФАвФАвФАвФђвФАвФАвФАвФАвФАвФАвФАвФАвФђвФАвФАвФАвФАвФАвФАвФАвФАвФР
вФВ referen вФЖ referen вФЖ referen вФЖ current вФЖ вА¶ вФЖ latency вФЖ reques вФЖ errors вФЖ latenc вФВ
вФВ ce_avg_ вФЖ ce_avg_ вФЖ ce_avg_ вФЖ _avg_re вФЖ   вФЖ _mean_d вФЖ ts_is_ вФЖ _is_dr вФЖ y_is_d вФВ
вФВ request вФЖ errors  вФЖ latency вФЖ quests  вФЖ   вФЖ ifferen вФЖ drifti вФЖ ifting вФЖ riftin вФВ
вФВ s       вФЖ ---     вФЖ _ms     вФЖ ---     вФЖ   вФЖ ce_ms   вФЖ ng_fla вФЖ _flag  вФЖ g_flag вФВ
вФВ ---     вФЖ f64     вФЖ ---     вФЖ f64     вФЖ   вФЖ ---     вФЖ g      вФЖ ---    вФЖ ---    вФВ
вФВ f64     вФЖ         вФЖ f64     вФЖ         вФЖ   вФЖ f64     вФЖ ---    вФЖ bool   вФЖ bool   вФВ
вФВ         вФЖ         вФЖ         вФЖ         вФЖ   вФЖ         вФЖ bool   вФЖ        вФЖ        вФВ
вХЮвХРвХРвХРвХРвХРвХРвХРвХРвХРвХ™вХРвХРвХРвХРвХРвХРвХРвХРвХРвХ™вХРвХРвХРвХРвХРвХРвХРвХРвХРвХ™вХРвХРвХРвХРвХРвХРвХРвХРвХРвХ™вХРвХРвХРвХ™вХРвХРвХРвХРвХРвХРвХРвХРвХРвХ™вХРвХРвХРвХРвХРвХРвХРвХРвХ™вХРвХРвХРвХРвХРвХРвХРвХРвХ™вХРвХРвХРвХРвХРвХРвХРвХРвХ°
вФВ 128.3   вФЖ 2.3     вФЖ 3835.0  вФЖ 164.5   вФЖ вА¶ вФЖ 1835.0  вФЖ true   вФЖ true   вФЖ true   вФВ
вФФвФАвФАвФАвФАвФАвФАвФАвФАвФАвФівФАвФАвФАвФАвФАвФАвФАвФАвФАвФівФАвФАвФАвФАвФАвФАвФАвФАвФАвФівФАвФАвФАвФАвФАвФАвФАвФАвФАвФівФАвФАвФАвФівФАвФАвФАвФАвФАвФАвФАвФАвФАвФівФАвФАвФАвФАвФАвФАвФАвФАвФівФАвФАвФАвФАвФАвФАвФАвФАвФівФАвФАвФАвФАвФАвФАвФАвФАвФШ
2026-04-09 16:39:10 | INFO | P5 | Let's make that a bit nicer to read...
2026-04-09 16:39:10 | INFO | P5 | All remaining steps are about creating a nicer display.
2026-04-09 16:39:10 | INFO | P5 | ========================
2026-04-09 16:39:10 | INFO | P5 | Drift Detection Process: 
2026-04-09 16:39:10 | INFO | P5 | ========================
2026-04-09 16:39:10 | INFO | P5 | 1. Summarize each period with means.
2026-04-09 16:39:10 | INFO | P5 | 2. Compute difference of means.
2026-04-09 16:39:10 | INFO | P5 | 3. Flag drift if absolute difference of means exceeds a threshold.
2026-04-09 16:39:10 | INFO | P5 | ========================
2026-04-09 16:39:10 | INFO | P5 | Drift summary (one field per line):
2026-04-09 16:39:10 | INFO | P5 | reference_avg_requests: 128.3
2026-04-09 16:39:10 | INFO | P5 | reference_avg_errors: 2.3
2026-04-09 16:39:10 | INFO | P5 | reference_avg_latency_ms: 3835.0
2026-04-09 16:39:10 | INFO | P5 | current_avg_requests: 164.5
2026-04-09 16:39:10 | INFO | P5 | current_avg_errors: 6.3
2026-04-09 16:39:10 | INFO | P5 | current_avg_latency_ms: 5670.0
2026-04-09 16:39:10 | INFO | P5 | requests_mean_difference: 36.2
2026-04-09 16:39:10 | INFO | P5 | errors_mean_difference: 4.0
2026-04-09 16:39:10 | INFO | P5 | latency_mean_difference_ms: 1835.0
2026-04-09 16:39:10 | INFO | P5 | requests_is_drifting_flag: True
2026-04-09 16:39:10 | INFO | P5 | errors_is_drifting_flag: True
2026-04-09 16:39:10 | INFO | P5 | latency_is_drifting_flag: True
2026-04-09 16:39:10 | INFO | P5 | Wrote long summary file: C:\Repos\cintel-05-drift-detection\artifacts\drift_summary_long_case.csv
2026-04-09 16:39:10 | INFO | P5 | ========================
2026-04-09 16:39:10 | INFO | P5 | Pipeline executed successfully!
2026-04-09 16:39:10 | INFO | P5 | ========================
2026-04-09 16:39:10 | INFO | P5 | END main()
2026-04-09 17:33:16 | INFO | P5 | === RUN START ===
2026-04-09 17:33:16 | INFO | P5 | project=CINTEL
2026-04-09 17:33:16 | INFO | P5 | repo_dir=cintel-05-drift-detection
2026-04-09 17:33:16 | INFO | P5 | python=3.14.3
2026-04-09 17:33:16 | INFO | P5 | os=Windows 11
2026-04-09 17:33:16 | INFO | P5 | shell=powershell
2026-04-09 17:33:16 | INFO | P5 | cwd=.
2026-04-09 17:33:16 | INFO | P5 | github_actions=False
2026-04-09 17:33:16 | INFO | P5 | ========================
2026-04-09 17:33:16 | INFO | P5 | START main()
2026-04-09 17:33:16 | INFO | P5 | ========================
2026-04-09 17:33:16 | INFO | P5 | ROOT_DIR = .
2026-04-09 17:33:16 | INFO | P5 | REFERENCE_FILE = data\reference_metrics_case.csv
2026-04-09 17:33:16 | INFO | P5 | CURRENT_FILE = data\current_metrics_case.csv
2026-04-09 17:33:16 | INFO | P5 | OUTPUT_FILE = artifacts\drift_summary_case.csv
2026-04-09 17:33:16 | INFO | P5 | ARTIFACTS_DIR = artifacts
2026-04-09 17:33:16 | INFO | P5 | Loaded 10 reference records
2026-04-09 17:33:16 | INFO | P5 | Loaded 10 current records
2026-04-09 17:33:16 | INFO | P5 | Calculated summary differences and drift flags
2026-04-09 17:33:16 | INFO | P5 | Wrote drift summary file: C:\Repos\cintel-05-drift-detection\artifacts\drift_summary_case.csv
2026-04-09 17:33:16 | INFO | P5 | Drift summary dataframe:
2026-04-09 17:33:16 | INFO | P5 | shape: (1, 12)
вФМвФАвФАвФАвФАвФАвФАвФАвФАвФАвФђвФАвФАвФАвФАвФАвФАвФАвФАвФАвФђвФАвФАвФАвФАвФАвФАвФАвФАвФАвФђвФАвФАвФАвФАвФАвФАвФАвФАвФАвФђвФАвФАвФАвФђвФАвФАвФАвФАвФАвФАвФАвФАвФАвФђвФАвФАвФАвФАвФАвФАвФАвФАвФђвФАвФАвФАвФАвФАвФАвФАвФАвФђвФАвФАвФАвФАвФАвФАвФАвФАвФР
вФВ referen вФЖ referen вФЖ referen вФЖ current вФЖ вА¶ вФЖ latency вФЖ reques вФЖ errors вФЖ latenc вФВ
вФВ ce_avg_ вФЖ ce_avg_ вФЖ ce_avg_ вФЖ _avg_re вФЖ   вФЖ _mean_d вФЖ ts_is_ вФЖ _is_dr вФЖ y_is_d вФВ
вФВ request вФЖ errors  вФЖ latency вФЖ quests  вФЖ   вФЖ ifferen вФЖ drifti вФЖ ifting вФЖ riftin вФВ
вФВ s       вФЖ ---     вФЖ _ms     вФЖ ---     вФЖ   вФЖ ce_ms   вФЖ ng_fla вФЖ _flag  вФЖ g_flag вФВ
вФВ ---     вФЖ f64     вФЖ ---     вФЖ f64     вФЖ   вФЖ ---     вФЖ g      вФЖ ---    вФЖ ---    вФВ
вФВ f64     вФЖ         вФЖ f64     вФЖ         вФЖ   вФЖ f64     вФЖ ---    вФЖ bool   вФЖ bool   вФВ
вФВ         вФЖ         вФЖ         вФЖ         вФЖ   вФЖ         вФЖ bool   вФЖ        вФЖ        вФВ
вХЮвХРвХРвХРвХРвХРвХРвХРвХРвХРвХ™вХРвХРвХРвХРвХРвХРвХРвХРвХРвХ™вХРвХРвХРвХРвХРвХРвХРвХРвХРвХ™вХРвХРвХРвХРвХРвХРвХРвХРвХРвХ™вХРвХРвХРвХ™вХРвХРвХРвХРвХРвХРвХРвХРвХРвХ™вХРвХРвХРвХРвХРвХРвХРвХРвХ™вХРвХРвХРвХРвХРвХРвХРвХРвХ™вХРвХРвХРвХРвХРвХРвХРвХРвХ°
вФВ 128.3   вФЖ 2.3     вФЖ 3835.0  вФЖ 164.5   вФЖ вА¶ вФЖ 1835.0  вФЖ true   вФЖ true   вФЖ true   вФВ
вФФвФАвФАвФАвФАвФАвФАвФАвФАвФАвФівФАвФАвФАвФАвФАвФАвФАвФАвФАвФівФАвФАвФАвФАвФАвФАвФАвФАвФАвФівФАвФАвФАвФАвФАвФАвФАвФАвФАвФівФАвФАвФАвФівФАвФАвФАвФАвФАвФАвФАвФАвФАвФівФАвФАвФАвФАвФАвФАвФАвФАвФівФАвФАвФАвФАвФАвФАвФАвФАвФівФАвФАвФАвФАвФАвФАвФАвФАвФШ
2026-04-09 17:33:16 | INFO | P5 | Let's make that a bit nicer to read...
2026-04-09 17:33:16 | INFO | P5 | All remaining steps are about creating a nicer display.
2026-04-09 17:33:16 | INFO | P5 | ========================
2026-04-09 17:33:16 | INFO | P5 | Drift Detection Process: 
2026-04-09 17:33:16 | INFO | P5 | ========================
2026-04-09 17:33:16 | INFO | P5 | 1. Summarize each period with means.
2026-04-09 17:33:16 | INFO | P5 | 2. Compute difference of means.
2026-04-09 17:33:16 | INFO | P5 | 3. Flag drift if absolute difference of means exceeds a threshold.
2026-04-09 17:33:16 | INFO | P5 | ========================
2026-04-09 17:33:16 | INFO | P5 | Drift summary (one field per line):
2026-04-09 17:33:16 | INFO | P5 | reference_avg_requests: 128.3
2026-04-09 17:33:16 | INFO | P5 | reference_avg_errors: 2.3
2026-04-09 17:33:16 | INFO | P5 | reference_avg_latency_ms: 3835.0
2026-04-09 17:33:16 | INFO | P5 | current_avg_requests: 164.5
2026-04-09 17:33:16 | INFO | P5 | current_avg_errors: 6.3
2026-04-09 17:33:16 | INFO | P5 | current_avg_latency_ms: 5670.0
2026-04-09 17:33:16 | INFO | P5 | requests_mean_difference: 36.2
2026-04-09 17:33:16 | INFO | P5 | errors_mean_difference: 4.0
2026-04-09 17:33:16 | INFO | P5 | latency_mean_difference_ms: 1835.0
2026-04-09 17:33:16 | INFO | P5 | requests_is_drifting_flag: True
2026-04-09 17:33:16 | INFO | P5 | errors_is_drifting_flag: True
2026-04-09 17:33:16 | INFO | P5 | latency_is_drifting_flag: True
2026-04-09 17:33:16 | INFO | P5 | Wrote long summary file: C:\Repos\cintel-05-drift-detection\artifacts\drift_summary_long_case.csv
2026-04-09 17:33:16 | INFO | P5 | ========================
2026-04-09 17:33:16 | INFO | P5 | Pipeline executed successfully!
2026-04-09 17:33:16 | INFO | P5 | ========================
2026-04-09 17:33:16 | INFO | P5 | END main()
2026-04-10 09:13:34 | INFO | P5 | === RUN START ===
2026-04-10 09:13:34 | INFO | P5 | project=CINTEL
2026-04-10 09:13:34 | INFO | P5 | repo_dir=cintel-05-drift-detection
2026-04-10 09:13:34 | INFO | P5 | python=3.14.3
2026-04-10 09:13:34 | INFO | P5 | os=Windows 11
2026-04-10 09:13:34 | INFO | P5 | shell=powershell
2026-04-10 09:13:34 | INFO | P5 | cwd=.
2026-04-10 09:13:34 | INFO | P5 | github_actions=False
2026-04-10 09:13:34 | INFO | P5 | ========================
2026-04-10 09:13:34 | INFO | P5 | START main()
2026-04-10 09:13:34 | INFO | P5 | ========================
2026-04-10 09:13:34 | INFO | P5 | ROOT_DIR = .
2026-04-10 09:13:34 | INFO | P5 | REFERENCE_FILE = data\reference_metrics_case.csv
2026-04-10 09:13:34 | INFO | P5 | CURRENT_FILE = data\current_metrics_case.csv
2026-04-10 09:13:34 | INFO | P5 | OUTPUT_FILE = artifacts\drift_summary_case.csv
2026-04-10 09:13:34 | INFO | P5 | ARTIFACTS_DIR = artifacts
2026-04-10 09:13:34 | INFO | P5 | Loaded 10 reference records
2026-04-10 09:13:34 | INFO | P5 | Loaded 10 current records
2026-04-10 09:13:34 | INFO | P5 | Calculated summary differences and drift flags
2026-04-10 09:13:34 | INFO | P5 | Wrote drift summary file: C:\Repos\cintel-05-drift-detection\artifacts\drift_summary_case.csv
2026-04-10 09:13:34 | INFO | P5 | Drift summary dataframe:
2026-04-10 09:13:34 | INFO | P5 | shape: (1, 12)
вФМвФАвФАвФАвФАвФАвФАвФАвФАвФАвФАвФАвФАвФАвФАвФАвФАвФАвФАвФђвФАвФАвФАвФАвФАвФАвФАвФАвФАвФАвФАвФАвФАвФАвФАвФАвФАвФђвФАвФАвФАвФАвФАвФАвФАвФАвФАвФАвФАвФАвФАвФАвФАвФАвФАвФђвФАвФАвФАвФАвФАвФАвФАвФАвФАвФАвФАвФАвФАвФАвФАвФАвФАвФђвФАвФАвФАвФђвФАвФАвФАвФАвФАвФАвФАвФАвФАвФАвФАвФАвФАвФАвФАвФАвФАвФђвФАвФАвФАвФАвФАвФАвФАвФАвФАвФАвФАвФАвФАвФАвФАвФАвФАвФђвФАвФАвФАвФАвФАвФАвФАвФАвФАвФАвФАвФАвФАвФАвФАвФАвФАвФђвФАвФАвФАвФАвФАвФАвФАвФАвФАвФАвФАвФАвФАвФАвФАвФАвФАвФР
вФВ reference_avg_re вФЖ reference_avg_e вФЖ reference_avg_l вФЖ current_avg_req вФЖ вА¶ вФЖ latency_mean_di вФЖ requests_is_dri вФЖ errors_is_drift вФЖ latency_is_drif вФВ
вФВ quests           вФЖ rrors           вФЖ atency_ms       вФЖ uests           вФЖ   вФЖ fference_ms     вФЖ fting_flag      вФЖ ing_flag        вФЖ ting_flag       вФВ
вФВ ---              вФЖ ---             вФЖ ---             вФЖ ---             вФЖ   вФЖ ---             вФЖ ---             вФЖ ---             вФЖ ---             вФВ
вФВ f64              вФЖ f64             вФЖ f64             вФЖ f64             вФЖ   вФЖ f64             вФЖ bool            вФЖ bool            вФЖ bool            вФВ
вХЮвХРвХРвХРвХРвХРвХРвХРвХРвХРвХРвХРвХРвХРвХРвХРвХРвХРвХРвХ™вХРвХРвХРвХРвХРвХРвХРвХРвХРвХРвХРвХРвХРвХРвХРвХРвХРвХ™вХРвХРвХРвХРвХРвХРвХРвХРвХРвХРвХРвХРвХРвХРвХРвХРвХРвХ™вХРвХРвХРвХРвХРвХРвХРвХРвХРвХРвХРвХРвХРвХРвХРвХРвХРвХ™вХРвХРвХРвХ™вХРвХРвХРвХРвХРвХРвХРвХРвХРвХРвХРвХРвХРвХРвХРвХРвХРвХ™вХРвХРвХРвХРвХРвХРвХРвХРвХРвХРвХРвХРвХРвХРвХРвХРвХРвХ™вХРвХРвХРвХРвХРвХРвХРвХРвХРвХРвХРвХРвХРвХРвХРвХРвХРвХ™вХРвХРвХРвХРвХРвХРвХРвХРвХРвХРвХРвХРвХРвХРвХРвХРвХРвХ°
вФВ 128.3            вФЖ 2.3             вФЖ 3835.0          вФЖ 164.5           вФЖ вА¶ вФЖ 1835.0          вФЖ true            вФЖ true            вФЖ true            вФВ
вФФвФАвФАвФАвФАвФАвФАвФАвФАвФАвФАвФАвФАвФАвФАвФАвФАвФАвФАвФівФАвФАвФАвФАвФАвФАвФАвФАвФАвФАвФАвФАвФАвФАвФАвФАвФАвФівФАвФАвФАвФАвФАвФАвФАвФАвФАвФАвФАвФАвФАвФАвФАвФАвФАвФівФАвФАвФАвФАвФАвФАвФАвФАвФАвФАвФАвФАвФАвФАвФАвФАвФАвФівФАвФАвФАвФівФАвФАвФАвФАвФАвФАвФАвФАвФАвФАвФАвФАвФАвФАвФАвФАвФАвФівФАвФАвФАвФАвФАвФАвФАвФАвФАвФАвФАвФАвФАвФАвФАвФАвФАвФівФАвФАвФАвФАвФАвФАвФАвФАвФАвФАвФАвФАвФАвФАвФАвФАвФАвФівФАвФАвФАвФАвФАвФАвФАвФАвФАвФАвФАвФАвФАвФАвФАвФАвФАвФШ
2026-04-10 09:13:34 | INFO | P5 | Let's make that a bit nicer to read...
2026-04-10 09:13:34 | INFO | P5 | All remaining steps are about creating a nicer display.
2026-04-10 09:13:34 | INFO | P5 | ========================
2026-04-10 09:13:34 | INFO | P5 | Drift Detection Process: 
2026-04-10 09:13:34 | INFO | P5 | ========================
2026-04-10 09:13:34 | INFO | P5 | 1. Summarize each period with means.
2026-04-10 09:13:34 | INFO | P5 | 2. Compute difference of means.
2026-04-10 09:13:34 | INFO | P5 | 3. Flag drift if absolute difference of means exceeds a threshold.
2026-04-10 09:13:34 | INFO | P5 | ========================
2026-04-10 09:13:34 | INFO | P5 | Drift summary (one field per line):
2026-04-10 09:13:34 | INFO | P5 | reference_avg_requests: 128.3
2026-04-10 09:13:34 | INFO | P5 | reference_avg_errors: 2.3
2026-04-10 09:13:34 | INFO | P5 | reference_avg_latency_ms: 3835.0
2026-04-10 09:13:34 | INFO | P5 | current_avg_requests: 164.5
2026-04-10 09:13:34 | INFO | P5 | current_avg_errors: 6.3
2026-04-10 09:13:34 | INFO | P5 | current_avg_latency_ms: 5670.0
2026-04-10 09:13:34 | INFO | P5 | requests_mean_difference: 36.2
2026-04-10 09:13:34 | INFO | P5 | errors_mean_difference: 4.0
2026-04-10 09:13:34 | INFO | P5 | latency_mean_difference_ms: 1835.0
2026-04-10 09:13:34 | INFO | P5 | requests_is_drifting_flag: True
2026-04-10 09:13:34 | INFO | P5 | errors_is_drifting_flag: True
2026-04-10 09:13:34 | INFO | P5 | latency_is_drifting_flag: True
2026-04-10 09:13:34 | INFO | P5 | Wrote long summary file: C:\Repos\cintel-05-drift-detection\artifacts\drift_summary_long_case.csv
2026-04-10 09:13:34 | INFO | P5 | ========================
2026-04-10 09:13:34 | INFO | P5 | Pipeline executed successfully!
2026-04-10 09:13:34 | INFO | P5 | ========================
2026-04-10 09:13:34 | INFO | P5 | END main()
2026-04-10 09:16:38 | INFO | P5 | === RUN START ===
2026-04-10 09:16:38 | INFO | P5 | project=CINTEL
2026-04-10 09:16:38 | INFO | P5 | repo_dir=cintel-05-drift-detection
2026-04-10 09:16:38 | INFO | P5 | python=3.14.3
2026-04-10 09:16:38 | INFO | P5 | os=Windows 11
2026-04-10 09:16:38 | INFO | P5 | shell=powershell
2026-04-10 09:16:38 | INFO | P5 | cwd=.
2026-04-10 09:16:38 | INFO | P5 | github_actions=False
2026-04-10 09:16:38 | INFO | P5 | ========================
2026-04-10 09:16:38 | INFO | P5 | START main()
2026-04-10 09:16:38 | INFO | P5 | ========================
2026-04-10 09:16:38 | INFO | P5 | ROOT_DIR = .
2026-04-10 09:16:38 | INFO | P5 | REFERENCE_FILE = data\reference_metrics_bJean.csv
2026-04-10 09:16:38 | INFO | P5 | CURRENT_FILE = data\current_metrics_bJean.csv
2026-04-10 09:16:38 | INFO | P5 | OUTPUT_FILE = artifacts\drift_summary_bjean.csv
2026-04-10 09:16:38 | INFO | P5 | ARTIFACTS_DIR = artifacts
2026-04-10 09:16:38 | INFO | P5 | Loaded 10 reference records
2026-04-10 09:16:38 | INFO | P5 | Loaded 10 current records
2026-04-10 09:16:38 | INFO | P5 | Calculated summary differences and drift flags
2026-04-10 09:16:38 | INFO | P5 | Wrote drift summary file: C:\Repos\cintel-05-drift-detection\artifacts\drift_summary_bjean.csv
2026-04-10 09:16:38 | INFO | P5 | Drift summary dataframe:
2026-04-10 09:16:38 | INFO | P5 | shape: (1, 12)
вФМвФАвФАвФАвФАвФАвФАвФАвФАвФАвФАвФАвФАвФАвФАвФАвФАвФАвФАвФђвФАвФАвФАвФАвФАвФАвФАвФАвФАвФАвФАвФАвФАвФАвФАвФАвФАвФђвФАвФАвФАвФАвФАвФАвФАвФАвФАвФАвФАвФАвФАвФАвФАвФАвФАвФђвФАвФАвФАвФАвФАвФАвФАвФАвФАвФАвФАвФАвФАвФАвФАвФАвФАвФђвФАвФАвФАвФђвФАвФАвФАвФАвФАвФАвФАвФАвФАвФАвФАвФАвФАвФАвФАвФАвФАвФђвФАвФАвФАвФАвФАвФАвФАвФАвФАвФАвФАвФАвФАвФАвФАвФАвФАвФђвФАвФАвФАвФАвФАвФАвФАвФАвФАвФАвФАвФАвФАвФАвФАвФАвФАвФђвФАвФАвФАвФАвФАвФАвФАвФАвФАвФАвФАвФАвФАвФАвФАвФАвФАвФР
вФВ reference_avg_re вФЖ reference_avg_e вФЖ reference_avg_l вФЖ current_avg_req вФЖ вА¶ вФЖ latency_mean_di вФЖ requests_is_dri вФЖ errors_is_drift вФЖ latency_is_drif вФВ
вФВ quests           вФЖ rrors           вФЖ atency_ms       вФЖ uests           вФЖ   вФЖ fference_ms     вФЖ fting_flag      вФЖ ing_flag        вФЖ ting_flag       вФВ
вФВ ---              вФЖ ---             вФЖ ---             вФЖ ---             вФЖ   вФЖ ---             вФЖ ---             вФЖ ---             вФЖ ---             вФВ
вФВ f64              вФЖ f64             вФЖ f64             вФЖ f64             вФЖ   вФЖ f64             вФЖ bool            вФЖ bool            вФЖ bool            вФВ
вХЮвХРвХРвХРвХРвХРвХРвХРвХРвХРвХРвХРвХРвХРвХРвХРвХРвХРвХРвХ™вХРвХРвХРвХРвХРвХРвХРвХРвХРвХРвХРвХРвХРвХРвХРвХРвХРвХ™вХРвХРвХРвХРвХРвХРвХРвХРвХРвХРвХРвХРвХРвХРвХРвХРвХРвХ™вХРвХРвХРвХРвХРвХРвХРвХРвХРвХРвХРвХРвХРвХРвХРвХРвХРвХ™вХРвХРвХРвХ™вХРвХРвХРвХРвХРвХРвХРвХРвХРвХРвХРвХРвХРвХРвХРвХРвХРвХ™вХРвХРвХРвХРвХРвХРвХРвХРвХРвХРвХРвХРвХРвХРвХРвХРвХРвХ™вХРвХРвХРвХРвХРвХРвХРвХРвХРвХРвХРвХРвХРвХРвХРвХРвХРвХ™вХРвХРвХРвХРвХРвХРвХРвХРвХРвХРвХРвХРвХРвХРвХРвХРвХРвХ°
вФВ 128.0            вФЖ 2.0             вФЖ 3835.0          вФЖ 164.0           вФЖ вА¶ вФЖ 1835.0          вФЖ true            вФЖ true            вФЖ true            вФВ
вФФвФАвФАвФАвФАвФАвФАвФАвФАвФАвФАвФАвФАвФАвФАвФАвФАвФАвФАвФівФАвФАвФАвФАвФАвФАвФАвФАвФАвФАвФАвФАвФАвФАвФАвФАвФАвФівФАвФАвФАвФАвФАвФАвФАвФАвФАвФАвФАвФАвФАвФАвФАвФАвФАвФівФАвФАвФАвФАвФАвФАвФАвФАвФАвФАвФАвФАвФАвФАвФАвФАвФАвФівФАвФАвФАвФівФАвФАвФАвФАвФАвФАвФАвФАвФАвФАвФАвФАвФАвФАвФАвФАвФАвФівФАвФАвФАвФАвФАвФАвФАвФАвФАвФАвФАвФАвФАвФАвФАвФАвФАвФівФАвФАвФАвФАвФАвФАвФАвФАвФАвФАвФАвФАвФАвФАвФАвФАвФАвФівФАвФАвФАвФАвФАвФАвФАвФАвФАвФАвФАвФАвФАвФАвФАвФАвФАвФШ
2026-04-10 09:16:38 | INFO | P5 | Let's make that a bit nicer to read...
2026-04-10 09:16:38 | INFO | P5 | All remaining steps are about creating a nicer display.
2026-04-10 09:16:38 | INFO | P5 | ========================
2026-04-10 09:16:38 | INFO | P5 | Drift Detection Process: 
2026-04-10 09:16:38 | INFO | P5 | ========================
2026-04-10 09:16:38 | INFO | P5 | 1. Summarize each period with means.
2026-04-10 09:16:38 | INFO | P5 | 2. Compute difference of means.
2026-04-10 09:16:38 | INFO | P5 | 3. Flag drift if absolute difference of means exceeds a threshold.
2026-04-10 09:16:38 | INFO | P5 | ========================
2026-04-10 09:16:38 | INFO | P5 | Drift summary (one field per line):
2026-04-10 09:16:38 | INFO | P5 | reference_avg_requests: 128.0
2026-04-10 09:16:38 | INFO | P5 | reference_avg_errors: 2.0
2026-04-10 09:16:38 | INFO | P5 | reference_avg_latency_ms: 3835.0
2026-04-10 09:16:38 | INFO | P5 | current_avg_requests: 164.0
2026-04-10 09:16:38 | INFO | P5 | current_avg_errors: 6.0
2026-04-10 09:16:38 | INFO | P5 | current_avg_latency_ms: 5670.0
2026-04-10 09:16:38 | INFO | P5 | requests_mean_difference: 36.0
2026-04-10 09:16:38 | INFO | P5 | errors_mean_difference: 4.0
2026-04-10 09:16:38 | INFO | P5 | latency_mean_difference_ms: 1835.0
2026-04-10 09:16:38 | INFO | P5 | requests_is_drifting_flag: True
2026-04-10 09:16:38 | INFO | P5 | errors_is_drifting_flag: True
2026-04-10 09:16:38 | INFO | P5 | latency_is_drifting_flag: True
2026-04-10 09:16:38 | INFO | P5 | Wrote long summary file: C:\Repos\cintel-05-drift-detection\artifacts\drift_summary_long_bjean.csv
2026-04-10 09:16:38 | INFO | P5 | ========================
2026-04-10 09:16:38 | INFO | P5 | Pipeline executed successfully!
2026-04-10 09:16:38 | INFO | P5 | ========================
2026-04-10 09:16:38 | INFO | P5 | END main()
2026-04-10 09:21:44 | INFO | P5 | === RUN START ===
2026-04-10 09:21:44 | INFO | P5 | project=CINTEL
2026-04-10 09:21:44 | INFO | P5 | repo_dir=cintel-05-drift-detection
2026-04-10 09:21:44 | INFO | P5 | python=3.14.3
2026-04-10 09:21:44 | INFO | P5 | os=Windows 11
2026-04-10 09:21:44 | INFO | P5 | shell=powershell
2026-04-10 09:21:44 | INFO | P5 | cwd=.
2026-04-10 09:21:44 | INFO | P5 | github_actions=False
2026-04-10 09:21:44 | INFO | P5 | ========================
2026-04-10 09:21:44 | INFO | P5 | START main()
2026-04-10 09:21:44 | INFO | P5 | ========================
2026-04-10 09:21:44 | INFO | P5 | ROOT_DIR = .
2026-04-10 09:21:44 | INFO | P5 | REFERENCE_FILE = data\reference_metrics_bJean.csv
2026-04-10 09:21:44 | INFO | P5 | CURRENT_FILE = data\current_metrics_bJean.csv
2026-04-10 09:21:44 | INFO | P5 | OUTPUT_FILE = artifacts\drift_summary_bjean.csv
2026-04-10 09:21:44 | INFO | P5 | ARTIFACTS_DIR = artifacts
2026-04-10 09:21:44 | INFO | P5 | Loaded 10 reference records
2026-04-10 09:21:44 | INFO | P5 | Loaded 10 current records
2026-04-10 09:21:45 | INFO | P5 | Calculated summary differences and drift flags
2026-04-10 09:21:45 | INFO | P5 | Wrote drift summary file: C:\Repos\cintel-05-drift-detection\artifacts\drift_summary_bjean.csv
2026-04-10 09:21:45 | INFO | P5 | Drift summary dataframe:
2026-04-10 09:21:45 | INFO | P5 | shape: (1, 12)
вФМвФАвФАвФАвФАвФАвФАвФАвФАвФАвФАвФАвФАвФАвФАвФАвФАвФАвФАвФђвФАвФАвФАвФАвФАвФАвФАвФАвФАвФАвФАвФАвФАвФАвФАвФАвФАвФђвФАвФАвФАвФАвФАвФАвФАвФАвФАвФАвФАвФАвФАвФАвФАвФАвФАвФђвФАвФАвФАвФАвФАвФАвФАвФАвФАвФАвФАвФАвФАвФАвФАвФАвФАвФђвФАвФАвФАвФђвФАвФАвФАвФАвФАвФАвФАвФАвФАвФАвФАвФАвФАвФАвФАвФАвФАвФђвФАвФАвФАвФАвФАвФАвФАвФАвФАвФАвФАвФАвФАвФАвФАвФАвФАвФђвФАвФАвФАвФАвФАвФАвФАвФАвФАвФАвФАвФАвФАвФАвФАвФАвФАвФђвФАвФАвФАвФАвФАвФАвФАвФАвФАвФАвФАвФАвФАвФАвФАвФАвФАвФР
вФВ reference_avg_re вФЖ reference_avg_e вФЖ reference_avg_l вФЖ current_avg_req вФЖ вА¶ вФЖ latency_mean_di вФЖ requests_is_dri вФЖ errors_is_drift вФЖ latency_is_drif вФВ
вФВ quests           вФЖ rrors           вФЖ atency_ms       вФЖ uests           вФЖ   вФЖ fference_ms     вФЖ fting_flag      вФЖ ing_flag        вФЖ ting_flag       вФВ
вФВ ---              вФЖ ---             вФЖ ---             вФЖ ---             вФЖ   вФЖ ---             вФЖ ---             вФЖ ---             вФЖ ---             вФВ
вФВ i64              вФЖ i64             вФЖ i64             вФЖ i64             вФЖ   вФЖ i64             вФЖ bool            вФЖ bool            вФЖ bool            вФВ
вХЮвХРвХРвХРвХРвХРвХРвХРвХРвХРвХРвХРвХРвХРвХРвХРвХРвХРвХРвХ™вХРвХРвХРвХРвХРвХРвХРвХРвХРвХРвХРвХРвХРвХРвХРвХРвХРвХ™вХРвХРвХРвХРвХРвХРвХРвХРвХРвХРвХРвХРвХРвХРвХРвХРвХРвХ™вХРвХРвХРвХРвХРвХРвХРвХРвХРвХРвХРвХРвХРвХРвХРвХРвХРвХ™вХРвХРвХРвХ™вХРвХРвХРвХРвХРвХРвХРвХРвХРвХРвХРвХРвХРвХРвХРвХРвХРвХ™вХРвХРвХРвХРвХРвХРвХРвХРвХРвХРвХРвХРвХРвХРвХРвХРвХРвХ™вХРвХРвХРвХРвХРвХРвХРвХРвХРвХРвХРвХРвХРвХРвХРвХРвХРвХ™вХРвХРвХРвХРвХРвХРвХРвХРвХРвХРвХРвХРвХРвХРвХРвХРвХРвХ°
вФВ 128              вФЖ 2               вФЖ 3835            вФЖ 164             вФЖ вА¶ вФЖ 1835            вФЖ true            вФЖ true            вФЖ true            вФВ
вФФвФАвФАвФАвФАвФАвФАвФАвФАвФАвФАвФАвФАвФАвФАвФАвФАвФАвФАвФівФАвФАвФАвФАвФАвФАвФАвФАвФАвФАвФАвФАвФАвФАвФАвФАвФАвФівФАвФАвФАвФАвФАвФАвФАвФАвФАвФАвФАвФАвФАвФАвФАвФАвФАвФівФАвФАвФАвФАвФАвФАвФАвФАвФАвФАвФАвФАвФАвФАвФАвФАвФАвФівФАвФАвФАвФівФАвФАвФАвФАвФАвФАвФАвФАвФАвФАвФАвФАвФАвФАвФАвФАвФАвФівФАвФАвФАвФАвФАвФАвФАвФАвФАвФАвФАвФАвФАвФАвФАвФАвФАвФівФАвФАвФАвФАвФАвФАвФАвФАвФАвФАвФАвФАвФАвФАвФАвФАвФАвФівФАвФАвФАвФАвФАвФАвФАвФАвФАвФАвФАвФАвФАвФАвФАвФАвФАвФШ
2026-04-10 09:21:45 | INFO | P5 | Let's make that a bit nicer to read...
2026-04-10 09:21:45 | INFO | P5 | All remaining steps are about creating a nicer display.
2026-04-10 09:21:45 | INFO | P5 | ========================
2026-04-10 09:21:45 | INFO | P5 | Drift Detection Process: 
2026-04-10 09:21:45 | INFO | P5 | ========================
2026-04-10 09:21:45 | INFO | P5 | 1. Summarize each period with means.
2026-04-10 09:21:45 | INFO | P5 | 2. Compute difference of means.
2026-04-10 09:21:45 | INFO | P5 | 3. Flag drift if absolute difference of means exceeds a threshold.
2026-04-10 09:21:45 | INFO | P5 | ========================
2026-04-10 09:21:45 | INFO | P5 | Drift summary (one field per line):
2026-04-10 09:21:45 | INFO | P5 | reference_avg_requests: 128
2026-04-10 09:21:45 | INFO | P5 | reference_avg_errors: 2
2026-04-10 09:21:45 | INFO | P5 | reference_avg_latency_ms: 3835
2026-04-10 09:21:45 | INFO | P5 | current_avg_requests: 164
2026-04-10 09:21:45 | INFO | P5 | current_avg_errors: 6
2026-04-10 09:21:45 | INFO | P5 | current_avg_latency_ms: 5670
2026-04-10 09:21:45 | INFO | P5 | requests_mean_difference: 36
2026-04-10 09:21:45 | INFO | P5 | errors_mean_difference: 4
2026-04-10 09:21:45 | INFO | P5 | latency_mean_difference_ms: 1835
2026-04-10 09:21:45 | INFO | P5 | requests_is_drifting_flag: True
2026-04-10 09:21:45 | INFO | P5 | errors_is_drifting_flag: True
2026-04-10 09:21:45 | INFO | P5 | latency_is_drifting_flag: True
2026-04-10 09:21:45 | INFO | P5 | Wrote long summary file: C:\Repos\cintel-05-drift-detection\artifacts\drift_summary_long_bjean.csv
2026-04-10 09:21:45 | INFO | P5 | ========================
2026-04-10 09:21:45 | INFO | P5 | Pipeline executed successfully!
2026-04-10 09:21:45 | INFO | P5 | ========================
2026-04-10 09:21:45 | INFO | P5 | END main()
2026-04-10 13:15:01 | INFO | P5 | === RUN START ===
2026-04-10 13:15:01 | INFO | P5 | project=CINTEL
2026-04-10 13:15:01 | INFO | P5 | repo_dir=cintel-05-drift-detection
2026-04-10 13:15:01 | INFO | P5 | python=3.14.3
2026-04-10 13:15:01 | INFO | P5 | os=Windows 11
2026-04-10 13:15:01 | INFO | P5 | shell=powershell
2026-04-10 13:15:01 | INFO | P5 | cwd=.
2026-04-10 13:15:01 | INFO | P5 | github_actions=False
2026-04-10 13:15:01 | INFO | P5 | ========================
2026-04-10 13:15:01 | INFO | P5 | START main()
2026-04-10 13:15:01 | INFO | P5 | ========================
2026-04-10 13:15:01 | INFO | P5 | ROOT_DIR = .
2026-04-10 13:15:01 | INFO | P5 | REFERENCE_FILE = data\reference_metrics_bJean.csv
2026-04-10 13:15:01 | INFO | P5 | CURRENT_FILE = data\current_metrics_bJean.csv
2026-04-10 13:15:01 | INFO | P5 | OUTPUT_FILE = artifacts\drift_summary_bjean.csv
2026-04-10 13:15:01 | INFO | P5 | ARTIFACTS_DIR = artifacts
2026-04-10 13:15:01 | INFO | P5 | Loaded 10 reference records
2026-04-10 13:15:01 | INFO | P5 | Loaded 10 current records
2026-04-10 13:18:39 | INFO | P5 | === RUN START ===
2026-04-10 13:18:39 | INFO | P5 | project=CINTEL
2026-04-10 13:18:39 | INFO | P5 | repo_dir=cintel-05-drift-detection
2026-04-10 13:18:39 | INFO | P5 | python=3.14.3
2026-04-10 13:18:39 | INFO | P5 | os=Windows 11
2026-04-10 13:18:39 | INFO | P5 | shell=powershell
2026-04-10 13:18:39 | INFO | P5 | cwd=.
2026-04-10 13:18:39 | INFO | P5 | github_actions=False
2026-04-10 13:18:39 | INFO | P5 | ========================
2026-04-10 13:18:39 | INFO | P5 | START main()
2026-04-10 13:18:39 | INFO | P5 | ========================
2026-04-10 13:18:39 | INFO | P5 | ROOT_DIR = .
2026-04-10 13:18:39 | INFO | P5 | REFERENCE_FILE = data\reference_metrics_bJean.csv
2026-04-10 13:18:39 | INFO | P5 | CURRENT_FILE = data\current_metrics_bJean.csv
2026-04-10 13:18:39 | INFO | P5 | OUTPUT_FILE = artifacts\drift_summary_bjean.csv
2026-04-10 13:18:39 | INFO | P5 | ARTIFACTS_DIR = artifacts
2026-04-10 13:18:39 | INFO | P5 | Loaded 10 reference records
2026-04-10 13:18:39 | INFO | P5 | Loaded 10 current records
2026-04-10 13:26:09 | INFO | P5 | === RUN START ===
2026-04-10 13:26:09 | INFO | P5 | project=CINTEL
2026-04-10 13:26:09 | INFO | P5 | repo_dir=cintel-05-drift-detection
2026-04-10 13:26:09 | INFO | P5 | python=3.14.3
2026-04-10 13:26:09 | INFO | P5 | os=Windows 11
2026-04-10 13:26:09 | INFO | P5 | shell=powershell
2026-04-10 13:26:09 | INFO | P5 | cwd=.
2026-04-10 13:26:09 | INFO | P5 | github_actions=False
2026-04-10 13:26:09 | INFO | P5 | ========================
2026-04-10 13:26:09 | INFO | P5 | START main()
2026-04-10 13:26:09 | INFO | P5 | ========================
2026-04-10 13:26:09 | INFO | P5 | ROOT_DIR = .
2026-04-10 13:26:09 | INFO | P5 | REFERENCE_FILE = data\reference_metrics_bJean.csv
2026-04-10 13:26:09 | INFO | P5 | CURRENT_FILE = data\current_metrics_bJean.csv
2026-04-10 13:26:09 | INFO | P5 | OUTPUT_FILE = artifacts\drift_summary_bjean.csv
2026-04-10 13:26:09 | INFO | P5 | ARTIFACTS_DIR = artifacts
2026-04-10 13:26:09 | INFO | P5 | Loaded 10 reference records
2026-04-10 13:26:09 | INFO | P5 | Loaded 10 current records
2026-04-10 14:49:55 | INFO | P5 | === RUN START ===
2026-04-10 14:49:55 | INFO | P5 | project=CINTEL
2026-04-10 14:49:55 | INFO | P5 | repo_dir=cintel-05-drift-detection
2026-04-10 14:49:55 | INFO | P5 | python=3.14.3
2026-04-10 14:49:55 | INFO | P5 | os=Windows 11
2026-04-10 14:49:55 | INFO | P5 | shell=powershell
2026-04-10 14:49:55 | INFO | P5 | cwd=.
2026-04-10 14:49:55 | INFO | P5 | github_actions=False
2026-04-10 14:49:55 | INFO | P5 | ========================
2026-04-10 14:49:55 | INFO | P5 | START main()
2026-04-10 14:49:55 | INFO | P5 | ========================
2026-04-10 14:49:55 | INFO | P5 | ROOT_DIR = .
2026-04-10 14:49:55 | INFO | P5 | REFERENCE_FILE = data\reference_metrics_bJean.csv
2026-04-10 14:49:55 | INFO | P5 | CURRENT_FILE = data\current_metrics_bJean.csv
2026-04-10 14:49:55 | INFO | P5 | OUTPUT_FILE = artifacts\drift_summary_bjean.csv
2026-04-10 14:49:55 | INFO | P5 | ARTIFACTS_DIR = artifacts
2026-04-10 14:49:55 | INFO | P5 | Loaded 10 reference records
2026-04-10 14:49:55 | INFO | P5 | Loaded 10 current records
2026-04-10 14:49:55 | INFO | P5 | Calculated summary differences and drift flags
2026-04-10 14:49:55 | INFO | P5 | Wrote drift summary file: C:\Repos\cintel-05-drift-detection\artifacts\drift_summary_bjean.csv
2026-04-10 14:49:55 | INFO | P5 | Drift summary dataframe:
2026-04-10 14:49:55 | INFO | P5 | shape: (1, 15)
вФМвФАвФАвФАвФАвФАвФАвФАвФАвФАвФАвФАвФАвФАвФАвФАвФАвФАвФАвФђвФАвФАвФАвФАвФАвФАвФАвФАвФАвФАвФАвФАвФАвФАвФАвФАвФАвФђвФАвФАвФАвФАвФАвФАвФАвФАвФАвФАвФАвФАвФАвФАвФАвФАвФАвФђвФАвФАвФАвФАвФАвФАвФАвФАвФАвФАвФАвФАвФАвФАвФАвФАвФАвФђвФАвФАвФАвФђвФАвФАвФАвФАвФАвФАвФАвФАвФАвФАвФАвФАвФАвФАвФАвФАвФАвФђвФАвФАвФАвФАвФАвФАвФАвФАвФАвФАвФАвФАвФАвФАвФАвФАвФАвФђвФАвФАвФАвФАвФАвФАвФАвФАвФАвФАвФАвФАвФАвФАвФАвФАвФАвФђвФАвФАвФАвФАвФАвФАвФАвФАвФАвФАвФАвФАвФАвФАвФАвФАвФАвФР
вФВ reference_avg_re вФЖ reference_avg_e вФЖ reference_avg_l вФЖ current_avg_req вФЖ вА¶ вФЖ errors_is_drift вФЖ errors_drift_di вФЖ latency_is_drif вФЖ latency_drift_d вФВ
вФВ quests           вФЖ rrors           вФЖ atency_ms       вФЖ uests           вФЖ   вФЖ ing_flag        вФЖ rection         вФЖ ting_flag       вФЖ irection        вФВ
вФВ ---              вФЖ ---             вФЖ ---             вФЖ ---             вФЖ   вФЖ ---             вФЖ ---             вФЖ ---             вФЖ ---             вФВ
вФВ i64              вФЖ i64             вФЖ i64             вФЖ i64             вФЖ   вФЖ bool            вФЖ str             вФЖ bool            вФЖ str             вФВ
вХЮвХРвХРвХРвХРвХРвХРвХРвХРвХРвХРвХРвХРвХРвХРвХРвХРвХРвХРвХ™вХРвХРвХРвХРвХРвХРвХРвХРвХРвХРвХРвХРвХРвХРвХРвХРвХРвХ™вХРвХРвХРвХРвХРвХРвХРвХРвХРвХРвХРвХРвХРвХРвХРвХРвХРвХ™вХРвХРвХРвХРвХРвХРвХРвХРвХРвХРвХРвХРвХРвХРвХРвХРвХРвХ™вХРвХРвХРвХ™вХРвХРвХРвХРвХРвХРвХРвХРвХРвХРвХРвХРвХРвХРвХРвХРвХРвХ™вХРвХРвХРвХРвХРвХРвХРвХРвХРвХРвХРвХРвХРвХРвХРвХРвХРвХ™вХРвХРвХРвХРвХРвХРвХРвХРвХРвХРвХРвХРвХРвХРвХРвХРвХРвХ™вХРвХРвХРвХРвХРвХРвХРвХРвХРвХРвХРвХРвХРвХРвХРвХРвХРвХ°
вФВ 128              вФЖ 2               вФЖ 3835            вФЖ 164             вФЖ вА¶ вФЖ true            вФЖ Upward Drift    вФЖ true            вФЖ Upward Drift    вФВ
вФФвФАвФАвФАвФАвФАвФАвФАвФАвФАвФАвФАвФАвФАвФАвФАвФАвФАвФАвФівФАвФАвФАвФАвФАвФАвФАвФАвФАвФАвФАвФАвФАвФАвФАвФАвФАвФівФАвФАвФАвФАвФАвФАвФАвФАвФАвФАвФАвФАвФАвФАвФАвФАвФАвФівФАвФАвФАвФАвФАвФАвФАвФАвФАвФАвФАвФАвФАвФАвФАвФАвФАвФівФАвФАвФАвФівФАвФАвФАвФАвФАвФАвФАвФАвФАвФАвФАвФАвФАвФАвФАвФАвФАвФівФАвФАвФАвФАвФАвФАвФАвФАвФАвФАвФАвФАвФАвФАвФАвФАвФАвФівФАвФАвФАвФАвФАвФАвФАвФАвФАвФАвФАвФАвФАвФАвФАвФАвФАвФівФАвФАвФАвФАвФАвФАвФАвФАвФАвФАвФАвФАвФАвФАвФАвФАвФАвФШ
2026-04-10 14:49:55 | INFO | P5 | Let's make that a bit nicer to read...
2026-04-10 14:49:55 | INFO | P5 | All remaining steps are about creating a nicer display.
2026-04-10 14:49:55 | INFO | P5 | ========================
2026-04-10 14:49:55 | INFO | P5 | Drift Detection Process: 
2026-04-10 14:49:55 | INFO | P5 | ========================
2026-04-10 14:49:55 | INFO | P5 | 1. Summarize each period with means.
2026-04-10 14:49:55 | INFO | P5 | 2. Compute difference of means.
2026-04-10 14:49:55 | INFO | P5 | 3. Flag drift if absolute difference of means exceeds a threshold.
2026-04-10 14:49:55 | INFO | P5 | ========================
2026-04-10 14:49:55 | INFO | P5 | Drift summary (one field per line):
2026-04-10 14:49:55 | INFO | P5 | reference_avg_requests: 128
2026-04-10 14:49:55 | INFO | P5 | reference_avg_errors: 2
2026-04-10 14:49:55 | INFO | P5 | reference_avg_latency_ms: 3835
2026-04-10 14:49:55 | INFO | P5 | current_avg_requests: 164
2026-04-10 14:49:55 | INFO | P5 | current_avg_errors: 6
2026-04-10 14:49:55 | INFO | P5 | current_avg_latency_ms: 5670
2026-04-10 14:49:55 | INFO | P5 | requests_mean_difference: 36
2026-04-10 14:49:55 | INFO | P5 | errors_mean_difference: 4
2026-04-10 14:49:55 | INFO | P5 | latency_mean_difference_ms: 1835
2026-04-10 14:49:55 | INFO | P5 | requests_is_drifting_flag: True
2026-04-10 14:49:55 | INFO | P5 | requests_drift_direction: Upward Drift
2026-04-10 14:49:55 | INFO | P5 | errors_is_drifting_flag: True
2026-04-10 14:49:55 | INFO | P5 | errors_drift_direction: Upward Drift
2026-04-10 14:49:55 | INFO | P5 | latency_is_drifting_flag: True
2026-04-10 14:49:55 | INFO | P5 | latency_drift_direction: Upward Drift
2026-04-10 14:49:55 | INFO | P5 | Wrote long summary file: C:\Repos\cintel-05-drift-detection\artifacts\drift_summary_long_bjean.csv
2026-04-10 14:49:55 | INFO | P5 | ========================
2026-04-10 14:49:55 | INFO | P5 | Pipeline executed successfully!
2026-04-10 14:49:55 | INFO | P5 | ========================
2026-04-10 14:49:55 | INFO | P5 | END main()
2026-04-10 14:57:02 | INFO | P5 | === RUN START ===
2026-04-10 14:57:02 | INFO | P5 | project=CINTEL
2026-04-10 14:57:02 | INFO | P5 | repo_dir=cintel-05-drift-detection
2026-04-10 14:57:02 | INFO | P5 | python=3.14.3
2026-04-10 14:57:02 | INFO | P5 | os=Windows 11
2026-04-10 14:57:02 | INFO | P5 | shell=powershell
2026-04-10 14:57:02 | INFO | P5 | cwd=.
2026-04-10 14:57:02 | INFO | P5 | github_actions=False
2026-04-10 14:57:02 | INFO | P5 | ========================
2026-04-10 14:57:02 | INFO | P5 | START main()
2026-04-10 14:57:02 | INFO | P5 | ========================
2026-04-10 14:57:02 | INFO | P5 | ROOT_DIR = .
2026-04-10 14:57:02 | INFO | P5 | REFERENCE_FILE = data\reference_metrics_bJean.csv
2026-04-10 14:57:02 | INFO | P5 | CURRENT_FILE = data\current_metrics_bJean.csv
2026-04-10 14:57:02 | INFO | P5 | OUTPUT_FILE = artifacts\drift_summary_bjean.csv
2026-04-10 14:57:02 | INFO | P5 | ARTIFACTS_DIR = artifacts
2026-04-10 14:57:02 | INFO | P5 | Loaded 10 reference records
2026-04-10 14:57:02 | INFO | P5 | Loaded 19 current records
2026-04-10 14:57:02 | INFO | P5 | Calculated summary differences and drift flags
2026-04-10 14:57:02 | INFO | P5 | Wrote drift summary file: C:\Repos\cintel-05-drift-detection\artifacts\drift_summary_bjean.csv
2026-04-10 14:57:02 | INFO | P5 | Drift summary dataframe:
2026-04-10 14:57:02 | INFO | P5 | shape: (1, 15)
вФМвФАвФАвФАвФАвФАвФАвФАвФАвФАвФАвФАвФАвФАвФАвФАвФАвФАвФАвФђвФАвФАвФАвФАвФАвФАвФАвФАвФАвФАвФАвФАвФАвФАвФАвФАвФАвФђвФАвФАвФАвФАвФАвФАвФАвФАвФАвФАвФАвФАвФАвФАвФАвФАвФАвФђвФАвФАвФАвФАвФАвФАвФАвФАвФАвФАвФАвФАвФАвФАвФАвФАвФАвФђвФАвФАвФАвФђвФАвФАвФАвФАвФАвФАвФАвФАвФАвФАвФАвФАвФАвФАвФАвФАвФАвФђвФАвФАвФАвФАвФАвФАвФАвФАвФАвФАвФАвФАвФАвФАвФАвФАвФАвФђвФАвФАвФАвФАвФАвФАвФАвФАвФАвФАвФАвФАвФАвФАвФАвФАвФАвФђвФАвФАвФАвФАвФАвФАвФАвФАвФАвФАвФАвФАвФАвФАвФАвФАвФАвФР
вФВ reference_avg_re вФЖ reference_avg_e вФЖ reference_avg_l вФЖ current_avg_req вФЖ вА¶ вФЖ errors_is_drift вФЖ errors_drift_di вФЖ latency_is_drif вФЖ latency_drift_d вФВ
вФВ quests           вФЖ rrors           вФЖ atency_ms       вФЖ uests           вФЖ   вФЖ ing_flag        вФЖ rection         вФЖ ting_flag       вФЖ irection        вФВ
вФВ ---              вФЖ ---             вФЖ ---             вФЖ ---             вФЖ   вФЖ ---             вФЖ ---             вФЖ ---             вФЖ ---             вФВ
вФВ i64              вФЖ i64             вФЖ i64             вФЖ i64             вФЖ   вФЖ bool            вФЖ str             вФЖ bool            вФЖ str             вФВ
вХЮвХРвХРвХРвХРвХРвХРвХРвХРвХРвХРвХРвХРвХРвХРвХРвХРвХРвХРвХ™вХРвХРвХРвХРвХРвХРвХРвХРвХРвХРвХРвХРвХРвХРвХРвХРвХРвХ™вХРвХРвХРвХРвХРвХРвХРвХРвХРвХРвХРвХРвХРвХРвХРвХРвХРвХ™вХРвХРвХРвХРвХРвХРвХРвХРвХРвХРвХРвХРвХРвХРвХРвХРвХРвХ™вХРвХРвХРвХ™вХРвХРвХРвХРвХРвХРвХРвХРвХРвХРвХРвХРвХРвХРвХРвХРвХРвХ™вХРвХРвХРвХРвХРвХРвХРвХРвХРвХРвХРвХРвХРвХРвХРвХРвХРвХ™вХРвХРвХРвХРвХРвХРвХРвХРвХРвХРвХРвХРвХРвХРвХРвХРвХРвХ™вХРвХРвХРвХРвХРвХРвХРвХРвХРвХРвХРвХРвХРвХРвХРвХРвХРвХ°
вФВ 128              вФЖ 2               вФЖ 3835            вФЖ 143             вФЖ вА¶ вФЖ true            вФЖ Upward Drift    вФЖ true            вФЖ Upward Drift    вФВ
вФФвФАвФАвФАвФАвФАвФАвФАвФАвФАвФАвФАвФАвФАвФАвФАвФАвФАвФАвФівФАвФАвФАвФАвФАвФАвФАвФАвФАвФАвФАвФАвФАвФАвФАвФАвФАвФівФАвФАвФАвФАвФАвФАвФАвФАвФАвФАвФАвФАвФАвФАвФАвФАвФАвФівФАвФАвФАвФАвФАвФАвФАвФАвФАвФАвФАвФАвФАвФАвФАвФАвФАвФівФАвФАвФАвФівФАвФАвФАвФАвФАвФАвФАвФАвФАвФАвФАвФАвФАвФАвФАвФАвФАвФівФАвФАвФАвФАвФАвФАвФАвФАвФАвФАвФАвФАвФАвФАвФАвФАвФАвФівФАвФАвФАвФАвФАвФАвФАвФАвФАвФАвФАвФАвФАвФАвФАвФАвФАвФівФАвФАвФАвФАвФАвФАвФАвФАвФАвФАвФАвФАвФАвФАвФАвФАвФАвФШ
2026-04-10 14:57:02 | INFO | P5 | Let's make that a bit nicer to read...
2026-04-10 14:57:02 | INFO | P5 | All remaining steps are about creating a nicer display.
2026-04-10 14:57:02 | INFO | P5 | ========================
2026-04-10 14:57:02 | INFO | P5 | Drift Detection Process: 
2026-04-10 14:57:02 | INFO | P5 | ========================
2026-04-10 14:57:02 | INFO | P5 | 1. Summarize each period with means.
2026-04-10 14:57:02 | INFO | P5 | 2. Compute difference of means.
2026-04-10 14:57:02 | INFO | P5 | 3. Flag drift if absolute difference of means exceeds a threshold.
2026-04-10 14:57:02 | INFO | P5 | ========================
2026-04-10 14:57:02 | INFO | P5 | Drift summary (one field per line):
2026-04-10 14:57:02 | INFO | P5 | reference_avg_requests: 128
2026-04-10 14:57:02 | INFO | P5 | reference_avg_errors: 2
2026-04-10 14:57:02 | INFO | P5 | reference_avg_latency_ms: 3835
2026-04-10 14:57:02 | INFO | P5 | current_avg_requests: 143
2026-04-10 14:57:02 | INFO | P5 | current_avg_errors: 6
2026-04-10 14:57:02 | INFO | P5 | current_avg_latency_ms: 5574
2026-04-10 14:57:02 | INFO | P5 | requests_mean_difference: 15
2026-04-10 14:57:02 | INFO | P5 | errors_mean_difference: 4
2026-04-10 14:57:02 | INFO | P5 | latency_mean_difference_ms: 1739
2026-04-10 14:57:02 | INFO | P5 | requests_is_drifting_flag: False
2026-04-10 14:57:02 | INFO | P5 | requests_drift_direction: Upward Drift
2026-04-10 14:57:02 | INFO | P5 | errors_is_drifting_flag: True
2026-04-10 14:57:02 | INFO | P5 | errors_drift_direction: Upward Drift
2026-04-10 14:57:02 | INFO | P5 | latency_is_drifting_flag: True
2026-04-10 14:57:02 | INFO | P5 | latency_drift_direction: Upward Drift
2026-04-10 14:57:02 | INFO | P5 | Wrote long summary file: C:\Repos\cintel-05-drift-detection\artifacts\drift_summary_long_bjean.csv
2026-04-10 14:57:02 | INFO | P5 | ========================
2026-04-10 14:57:02 | INFO | P5 | Pipeline executed successfully!
2026-04-10 14:57:02 | INFO | P5 | ========================
2026-04-10 14:57:02 | INFO | P5 | END main()
2026-04-10 15:18:12 | INFO | P5 | === RUN START ===
2026-04-10 15:18:12 | INFO | P5 | project=CINTEL
2026-04-10 15:18:12 | INFO | P5 | repo_dir=cintel-05-drift-detection
2026-04-10 15:18:12 | INFO | P5 | python=3.14.3
2026-04-10 15:18:12 | INFO | P5 | os=Windows 11
2026-04-10 15:18:12 | INFO | P5 | shell=powershell
2026-04-10 15:18:12 | INFO | P5 | cwd=.
2026-04-10 15:18:12 | INFO | P5 | github_actions=False
2026-04-10 15:18:12 | INFO | P5 | ========================
2026-04-10 15:18:12 | INFO | P5 | START main()
2026-04-10 15:18:12 | INFO | P5 | ========================
2026-04-10 15:18:12 | INFO | P5 | ROOT_DIR = .
2026-04-10 15:18:12 | INFO | P5 | REFERENCE_FILE = data\reference_metrics_bJean.csv
2026-04-10 15:18:12 | INFO | P5 | CURRENT_FILE = data\current_metrics_bJean.csv
2026-04-10 15:18:12 | INFO | P5 | OUTPUT_FILE = artifacts\drift_summary_bjean.csv
2026-04-10 15:18:12 | INFO | P5 | ARTIFACTS_DIR = artifacts
2026-04-10 15:18:12 | INFO | P5 | Loaded 10 reference records
2026-04-10 15:18:12 | INFO | P5 | Loaded 19 current records
2026-04-10 15:18:12 | INFO | P5 | Calculated summary differences and drift flags
2026-04-10 15:18:12 | INFO | P5 | Wrote drift summary file: C:\Repos\cintel-05-drift-detection\artifacts\drift_summary_bjean.csv
2026-04-10 15:18:12 | INFO | P5 | Drift summary dataframe:
2026-04-10 15:18:12 | INFO | P5 | shape: (1, 15)
вФМвФАвФАвФАвФАвФАвФАвФАвФАвФАвФАвФАвФАвФАвФАвФАвФАвФАвФАвФђвФАвФАвФАвФАвФАвФАвФАвФАвФАвФАвФАвФАвФАвФАвФАвФАвФАвФђвФАвФАвФАвФАвФАвФАвФАвФАвФАвФАвФАвФАвФАвФАвФАвФАвФАвФђвФАвФАвФАвФАвФАвФАвФАвФАвФАвФАвФАвФАвФАвФАвФАвФАвФАвФђвФАвФАвФАвФђвФАвФАвФАвФАвФАвФАвФАвФАвФАвФАвФАвФАвФАвФАвФАвФАвФАвФђвФАвФАвФАвФАвФАвФАвФАвФАвФАвФАвФАвФАвФАвФАвФАвФАвФАвФђвФАвФАвФАвФАвФАвФАвФАвФАвФАвФАвФАвФАвФАвФАвФАвФАвФАвФђвФАвФАвФАвФАвФАвФАвФАвФАвФАвФАвФАвФАвФАвФАвФАвФАвФАвФР
вФВ reference_avg_re вФЖ reference_avg_e вФЖ reference_avg_l вФЖ current_avg_req вФЖ вА¶ вФЖ errors_is_drift вФЖ errors_drift_di вФЖ latency_is_drif вФЖ latency_drift_d вФВ
вФВ quests           вФЖ rrors           вФЖ atency_ms       вФЖ uests           вФЖ   вФЖ ing_flag        вФЖ rection         вФЖ ting_flag       вФЖ irection        вФВ
вФВ ---              вФЖ ---             вФЖ ---             вФЖ ---             вФЖ   вФЖ ---             вФЖ ---             вФЖ ---             вФЖ ---             вФВ
вФВ i64              вФЖ i64             вФЖ i64             вФЖ i64             вФЖ   вФЖ bool            вФЖ str             вФЖ bool            вФЖ str             вФВ
вХЮвХРвХРвХРвХРвХРвХРвХРвХРвХРвХРвХРвХРвХРвХРвХРвХРвХРвХРвХ™вХРвХРвХРвХРвХРвХРвХРвХРвХРвХРвХРвХРвХРвХРвХРвХРвХРвХ™вХРвХРвХРвХРвХРвХРвХРвХРвХРвХРвХРвХРвХРвХРвХРвХРвХРвХ™вХРвХРвХРвХРвХРвХРвХРвХРвХРвХРвХРвХРвХРвХРвХРвХРвХРвХ™вХРвХРвХРвХ™вХРвХРвХРвХРвХРвХРвХРвХРвХРвХРвХРвХРвХРвХРвХРвХРвХРвХ™вХРвХРвХРвХРвХРвХРвХРвХРвХРвХРвХРвХРвХРвХРвХРвХРвХРвХ™вХРвХРвХРвХРвХРвХРвХРвХРвХРвХРвХРвХРвХРвХРвХРвХРвХРвХ™вХРвХРвХРвХРвХРвХРвХРвХРвХРвХРвХРвХРвХРвХРвХРвХРвХРвХ°
вФВ 128              вФЖ 2               вФЖ 3835            вФЖ 143             вФЖ вА¶ вФЖ true            вФЖ Upward Drift    вФЖ true            вФЖ Upward Drift    вФВ
вФФвФАвФАвФАвФАвФАвФАвФАвФАвФАвФАвФАвФАвФАвФАвФАвФАвФАвФАвФівФАвФАвФАвФАвФАвФАвФАвФАвФАвФАвФАвФАвФАвФАвФАвФАвФАвФівФАвФАвФАвФАвФАвФАвФАвФАвФАвФАвФАвФАвФАвФАвФАвФАвФАвФівФАвФАвФАвФАвФАвФАвФАвФАвФАвФАвФАвФАвФАвФАвФАвФАвФАвФівФАвФАвФАвФівФАвФАвФАвФАвФАвФАвФАвФАвФАвФАвФАвФАвФАвФАвФАвФАвФАвФівФАвФАвФАвФАвФАвФАвФАвФАвФАвФАвФАвФАвФАвФАвФАвФАвФАвФівФАвФАвФАвФАвФАвФАвФАвФАвФАвФАвФАвФАвФАвФАвФАвФАвФАвФівФАвФАвФАвФАвФАвФАвФАвФАвФАвФАвФАвФАвФАвФАвФАвФАвФАвФШ
2026-04-10 15:18:12 | INFO | P5 | Let's make that a bit nicer to read...
2026-04-10 15:18:12 | INFO | P5 | All remaining steps are about creating a nicer display.
2026-04-10 15:18:12 | INFO | P5 | ========================
2026-04-10 15:18:12 | INFO | P5 | Drift Detection Process: 
2026-04-10 15:18:12 | INFO | P5 | ========================
2026-04-10 15:18:12 | INFO | P5 | 1. Summarize each period with means.
2026-04-10 15:18:12 | INFO | P5 | 2. Compute difference of means.
2026-04-10 15:18:12 | INFO | P5 | 3. Flag drift if absolute difference of means exceeds a threshold.
2026-04-10 15:18:12 | INFO | P5 | ========================
2026-04-10 15:18:12 | INFO | P5 | Drift summary (one field per line):
2026-04-10 15:18:12 | INFO | P5 | reference_avg_requests: 128
2026-04-10 15:18:12 | INFO | P5 | reference_avg_errors: 2
2026-04-10 15:18:12 | INFO | P5 | reference_avg_latency_ms: 3835
2026-04-10 15:18:12 | INFO | P5 | current_avg_requests: 143
2026-04-10 15:18:12 | INFO | P5 | current_avg_errors: 6
2026-04-10 15:18:12 | INFO | P5 | current_avg_latency_ms: 5574
2026-04-10 15:18:12 | INFO | P5 | requests_mean_difference: 15
2026-04-10 15:18:12 | INFO | P5 | errors_mean_difference: 4
2026-04-10 15:18:12 | INFO | P5 | latency_mean_difference_ms: 1739
2026-04-10 15:18:12 | INFO | P5 | requests_is_drifting_flag: False
2026-04-10 15:18:12 | INFO | P5 | requests_drift_direction: No Drift
2026-04-10 15:18:12 | INFO | P5 | errors_is_drifting_flag: True
2026-04-10 15:18:12 | INFO | P5 | errors_drift_direction: Upward Drift
2026-04-10 15:18:12 | INFO | P5 | latency_is_drifting_flag: True
2026-04-10 15:18:12 | INFO | P5 | latency_drift_direction: Upward Drift
2026-04-10 15:18:12 | INFO | P5 | Wrote long summary file: C:\Repos\cintel-05-drift-detection\artifacts\drift_summary_long_bjean.csv
2026-04-10 15:18:12 | INFO | P5 | ========================
2026-04-10 15:18:12 | INFO | P5 | Pipeline executed successfully!
2026-04-10 15:18:12 | INFO | P5 | ========================
2026-04-10 15:18:12 | INFO | P5 | END main()
2026-04-10 16:05:14 | INFO | P5 | === RUN START ===
2026-04-10 16:05:14 | INFO | P5 | project=CINTEL
2026-04-10 16:05:14 | INFO | P5 | repo_dir=cintel-05-drift-detection
2026-04-10 16:05:14 | INFO | P5 | python=3.14.3
2026-04-10 16:05:14 | INFO | P5 | os=Windows 11
2026-04-10 16:05:14 | INFO | P5 | shell=powershell
2026-04-10 16:05:14 | INFO | P5 | cwd=.
2026-04-10 16:05:14 | INFO | P5 | github_actions=False
2026-04-10 16:05:14 | INFO | P5 | ========================
2026-04-10 16:05:14 | INFO | P5 | START main()
2026-04-10 16:05:14 | INFO | P5 | ========================
2026-04-10 16:05:14 | INFO | P5 | ROOT_DIR = .
2026-04-10 16:05:14 | INFO | P5 | REFERENCE_FILE = data\reference_metrics_bJean.csv
2026-04-10 16:05:14 | INFO | P5 | CURRENT_FILE = data\current_metrics_bJean.csv
2026-04-10 16:05:14 | INFO | P5 | OUTPUT_FILE = artifacts\drift_summary_bjean.csv
2026-04-10 16:05:14 | INFO | P5 | ARTIFACTS_DIR = artifacts
2026-04-10 16:05:14 | INFO | P5 | Loaded 19 reference records
2026-04-10 16:05:14 | INFO | P5 | Loaded 19 current records
2026-04-10 16:05:14 | INFO | P5 | Calculated summary differences and drift flags
2026-04-10 16:05:14 | INFO | P5 | Wrote drift summary file: C:\Repos\cintel-05-drift-detection\artifacts\drift_summary_bjean.csv
2026-04-10 16:05:14 | INFO | P5 | Drift summary dataframe:
2026-04-10 16:05:14 | INFO | P5 | shape: (1, 15)
вФМвФАвФАвФАвФАвФАвФАвФАвФАвФАвФАвФАвФАвФАвФАвФАвФАвФАвФАвФђвФАвФАвФАвФАвФАвФАвФАвФАвФАвФАвФАвФАвФАвФАвФАвФАвФАвФђвФАвФАвФАвФАвФАвФАвФАвФАвФАвФАвФАвФАвФАвФАвФАвФАвФАвФђвФАвФАвФАвФАвФАвФАвФАвФАвФАвФАвФАвФАвФАвФАвФАвФАвФАвФђвФАвФАвФАвФђвФАвФАвФАвФАвФАвФАвФАвФАвФАвФАвФАвФАвФАвФАвФАвФАвФАвФђвФАвФАвФАвФАвФАвФАвФАвФАвФАвФАвФАвФАвФАвФАвФАвФАвФАвФђвФАвФАвФАвФАвФАвФАвФАвФАвФАвФАвФАвФАвФАвФАвФАвФАвФАвФђвФАвФАвФАвФАвФАвФАвФАвФАвФАвФАвФАвФАвФАвФАвФАвФАвФАвФР
вФВ reference_avg_re вФЖ reference_avg_e вФЖ reference_avg_l вФЖ current_avg_req вФЖ вА¶ вФЖ errors_is_drift вФЖ errors_drift_di вФЖ latency_is_drif вФЖ latency_drift_d вФВ
вФВ quests           вФЖ rrors           вФЖ atency_ms       вФЖ uests           вФЖ   вФЖ ing_flag        вФЖ rection         вФЖ ting_flag       вФЖ irection        вФВ
вФВ ---              вФЖ ---             вФЖ ---             вФЖ ---             вФЖ   вФЖ ---             вФЖ ---             вФЖ ---             вФЖ ---             вФВ
вФВ i64              вФЖ i64             вФЖ i64             вФЖ i64             вФЖ   вФЖ bool            вФЖ str             вФЖ bool            вФЖ str             вФВ
вХЮвХРвХРвХРвХРвХРвХРвХРвХРвХРвХРвХРвХРвХРвХРвХРвХРвХРвХРвХ™вХРвХРвХРвХРвХРвХРвХРвХРвХРвХРвХРвХРвХРвХРвХРвХРвХРвХ™вХРвХРвХРвХРвХРвХРвХРвХРвХРвХРвХРвХРвХРвХРвХРвХРвХРвХ™вХРвХРвХРвХРвХРвХРвХРвХРвХРвХРвХРвХРвХРвХРвХРвХРвХРвХ™вХРвХРвХРвХ™вХРвХРвХРвХРвХРвХРвХРвХРвХРвХРвХРвХРвХРвХРвХРвХРвХРвХ™вХРвХРвХРвХРвХРвХРвХРвХРвХРвХРвХРвХРвХРвХРвХРвХРвХРвХ™вХРвХРвХРвХРвХРвХРвХРвХРвХРвХРвХРвХРвХРвХРвХРвХРвХРвХ™вХРвХРвХРвХРвХРвХРвХРвХРвХРвХРвХРвХРвХРвХРвХРвХРвХРвХ°
вФВ 129              вФЖ 2               вФЖ 3851            вФЖ 143             вФЖ вА¶ вФЖ true            вФЖ Upward Drift    вФЖ true            вФЖ Upward Drift    вФВ
вФФвФАвФАвФАвФАвФАвФАвФАвФАвФАвФАвФАвФАвФАвФАвФАвФАвФАвФАвФівФАвФАвФАвФАвФАвФАвФАвФАвФАвФАвФАвФАвФАвФАвФАвФАвФАвФівФАвФАвФАвФАвФАвФАвФАвФАвФАвФАвФАвФАвФАвФАвФАвФАвФАвФівФАвФАвФАвФАвФАвФАвФАвФАвФАвФАвФАвФАвФАвФАвФАвФАвФАвФівФАвФАвФАвФівФАвФАвФАвФАвФАвФАвФАвФАвФАвФАвФАвФАвФАвФАвФАвФАвФАвФівФАвФАвФАвФАвФАвФАвФАвФАвФАвФАвФАвФАвФАвФАвФАвФАвФАвФівФАвФАвФАвФАвФАвФАвФАвФАвФАвФАвФАвФАвФАвФАвФАвФАвФАвФівФАвФАвФАвФАвФАвФАвФАвФАвФАвФАвФАвФАвФАвФАвФАвФАвФАвФШ
2026-04-10 16:05:14 | INFO | P5 | Let's make that a bit nicer to read...
2026-04-10 16:05:14 | INFO | P5 | All remaining steps are about creating a nicer display.
2026-04-10 16:05:14 | INFO | P5 | ========================
2026-04-10 16:05:14 | INFO | P5 | Drift Detection Process: 
2026-04-10 16:05:14 | INFO | P5 | ========================
2026-04-10 16:05:14 | INFO | P5 | 1. Summarize each period with means.
2026-04-10 16:05:14 | INFO | P5 | 2. Compute difference of means.
2026-04-10 16:05:14 | INFO | P5 | 3. Flag drift if absolute difference of means exceeds a threshold.
2026-04-10 16:05:14 | INFO | P5 | ========================
2026-04-10 16:05:14 | INFO | P5 | Drift summary (one field per line):
2026-04-10 16:05:14 | INFO | P5 | reference_avg_requests: 129
2026-04-10 16:05:14 | INFO | P5 | reference_avg_errors: 2
2026-04-10 16:05:14 | INFO | P5 | reference_avg_latency_ms: 3851
2026-04-10 16:05:14 | INFO | P5 | current_avg_requests: 143
2026-04-10 16:05:14 | INFO | P5 | current_avg_errors: 6
2026-04-10 16:05:14 | INFO | P5 | current_avg_latency_ms: 5574
2026-04-10 16:05:14 | INFO | P5 | requests_mean_difference: 14
2026-04-10 16:05:14 | INFO | P5 | errors_mean_difference: 4
2026-04-10 16:05:14 | INFO | P5 | latency_mean_difference_ms: 1723
2026-04-10 16:05:14 | INFO | P5 | requests_is_drifting_flag: False
2026-04-10 16:05:14 | INFO | P5 | requests_drift_direction: No Drift
2026-04-10 16:05:14 | INFO | P5 | errors_is_drifting_flag: True
2026-04-10 16:05:14 | INFO | P5 | errors_drift_direction: Upward Drift
2026-04-10 16:05:14 | INFO | P5 | latency_is_drifting_flag: True
2026-04-10 16:05:14 | INFO | P5 | latency_drift_direction: Upward Drift
2026-04-10 16:05:14 | INFO | P5 | Wrote long summary file: C:\Repos\cintel-05-drift-detection\artifacts\drift_summary_long_bjean.csv
2026-04-10 16:05:14 | INFO | P5 | ========================
2026-04-10 16:05:14 | INFO | P5 | Pipeline executed successfully!
2026-04-10 16:05:14 | INFO | P5 | ========================
2026-04-10 16:05:14 | INFO | P5 | END main()
